Adj MAT
01011000100000000000000010000000
10100100010000000000000001000000
01010010001000000000000000100000
10100001000100000000000000010000
10000101000010000000000000001000
01001010000001000000000000000100
00100101000000100000000000000010
00011010000000010000000000000001
10000000010110001000000000000000
01000000101001000100000000000000
00100000010100100010000000000000
00010000101000010001000000000000
00001000100001010000100000000000
00000100010010100000010000000000
00000010001001010000001000000000
00000001000110100000000100000000
00000000100000000101100010000000
00000000010000001010010001000000
00000000001000000101001000100000
00000000000100001010000100010000
00000000000010001000010100001000
00000000000001000100101000000100
00000000000000100010010100000010
00000000000000010001101000000001
10000000000000001000000001011000
01000000000000000100000010100100
00100000000000000010000001010010
00010000000000000001000010100001
00001000000000000000100010000101
00000100000000000000010001001010
00000010000000000000001000100101
00000001000000000000000100011010
